Analysis & Synthesis report for digitalClock
Fri May 12 08:38:42 2017
Quartus II 64-Bit Version 14.1.0 Build 186 12/03/2014 SJ Web Edition


---------------------
; Table of Contents ;
---------------------
  1. Legal Notice
  2. Analysis & Synthesis Summary
  3. Analysis & Synthesis Settings
  4. Analysis & Synthesis Source Files Read
  5. Analysis & Synthesis Resource Usage Summary
  6. Analysis & Synthesis Resource Utilization by Entity
  7. Registers Removed During Synthesis
  8. Removed Registers Triggering Further Register Optimizations
  9. General Register Statistics
 10. Port Connectivity Checks: "sevensegmentwclockflipflop:DezenaHoras"
 11. Port Connectivity Checks: "sevensegmentwclockflipflop:UnidadeHoras"
 12. Port Connectivity Checks: "sevensegmentwclockflipflop:DezenaMinutos"
 13. Port Connectivity Checks: "sevensegmentwclockflipflop:UnidadeMinutos|sete_segmentos:display|not_1:C1"
 14. Port Connectivity Checks: "sevensegmentwclockflipflop:UnidadeMinutos|counterFFD:counter|unidadeContadora:UNIDADE4"
 15. Port Connectivity Checks: "sevensegmentwclockflipflop:UnidadeMinutos|counterFFD:counter|unidadeContadora:UNIDADE3"
 16. Port Connectivity Checks: "sevensegmentwclockflipflop:UnidadeMinutos|counterFFD:counter|unidadeContadora:UNIDADE2"
 17. Port Connectivity Checks: "sevensegmentwclockflipflop:UnidadeMinutos|counterFFD:counter|unidadeContadora:UNIDADE1"
 18. Port Connectivity Checks: "sevensegmentwclockflipflop:UnidadeMinutos|counterFFD:counter"
 19. Port Connectivity Checks: "sevensegmentwclockflipflop:UnidadeMinutos"
 20. Post-Synthesis Netlist Statistics for Top Partition
 21. Elapsed Time Per Partition
 22. Analysis & Synthesis Messages



----------------
; Legal Notice ;
----------------
Copyright (C) 1991-2014 Altera Corporation. All rights reserved.
Your use of Altera Corporation's design tools, logic functions 
and other software and tools, and its AMPP partner logic 
functions, and any output files from any of the foregoing 
(including device programming or simulation files), and any 
associated documentation or information are expressly subject 
to the terms and conditions of the Altera Program License 
Subscription Agreement, the Altera Quartus II License Agreement,
the Altera MegaCore Function License Agreement, or other 
applicable license agreement, including, without limitation, 
that your use is for the sole purpose of programming logic 
devices manufactured by Altera and sold by Altera or its 
authorized distributors.  Please refer to the applicable 
agreement for further details.



+---------------------------------------------------------------------------------+
; Analysis & Synthesis Summary                                                    ;
+------------------------------------+--------------------------------------------+
; Analysis & Synthesis Status        ; Successful - Fri May 12 08:38:42 2017      ;
; Quartus II 64-Bit Version          ; 14.1.0 Build 186 12/03/2014 SJ Web Edition ;
; Revision Name                      ; digitalClock                               ;
; Top-level Entity Name              ; digitalClock                               ;
; Family                             ; Cyclone IV GX                              ;
; Total logic elements               ; 17                                         ;
;     Total combinational functions  ; 17                                         ;
;     Dedicated logic registers      ; 4                                          ;
; Total registers                    ; 4                                          ;
; Total pins                         ; 30                                         ;
; Total virtual pins                 ; 0                                          ;
; Total memory bits                  ; 0                                          ;
; Embedded Multiplier 9-bit elements ; 0                                          ;
; Total GXB Receiver Channel PCS     ; 0                                          ;
; Total GXB Receiver Channel PMA     ; 0                                          ;
; Total GXB Transmitter Channel PCS  ; 0                                          ;
; Total GXB Transmitter Channel PMA  ; 0                                          ;
; Total PLLs                         ; 0                                          ;
+------------------------------------+--------------------------------------------+


+----------------------------------------------------------------------------------------------------------------------+
; Analysis & Synthesis Settings                                                                                        ;
+----------------------------------------------------------------------------+--------------------+--------------------+
; Option                                                                     ; Setting            ; Default Value      ;
+----------------------------------------------------------------------------+--------------------+--------------------+
; Top-level entity name                                                      ; digitalClock       ; digitalClock       ;
; Family name                                                                ; Cyclone IV GX      ; Cyclone IV GX      ;
; Use smart compilation                                                      ; Off                ; Off                ;
; Enable parallel Assembler and TimeQuest Timing Analyzer during compilation ; On                 ; On                 ;
; Enable compact report table                                                ; Off                ; Off                ;
; Restructure Multiplexers                                                   ; Auto               ; Auto               ;
; Create Debugging Nodes for IP Cores                                        ; Off                ; Off                ;
; Preserve fewer node names                                                  ; On                 ; On                 ;
; Disable OpenCore Plus hardware evaluation                                  ; Off                ; Off                ;
; Verilog Version                                                            ; Verilog_2001       ; Verilog_2001       ;
; VHDL Version                                                               ; VHDL_1993          ; VHDL_1993          ;
; State Machine Processing                                                   ; Auto               ; Auto               ;
; Safe State Machine                                                         ; Off                ; Off                ;
; Extract Verilog State Machines                                             ; On                 ; On                 ;
; Extract VHDL State Machines                                                ; On                 ; On                 ;
; Ignore Verilog initial constructs                                          ; Off                ; Off                ;
; Iteration limit for constant Verilog loops                                 ; 5000               ; 5000               ;
; Iteration limit for non-constant Verilog loops                             ; 250                ; 250                ;
; Add Pass-Through Logic to Inferred RAMs                                    ; On                 ; On                 ;
; Infer RAMs from Raw Logic                                                  ; On                 ; On                 ;
; Parallel Synthesis                                                         ; On                 ; On                 ;
; DSP Block Balancing                                                        ; Auto               ; Auto               ;
; NOT Gate Push-Back                                                         ; On                 ; On                 ;
; Power-Up Don't Care                                                        ; On                 ; On                 ;
; Remove Redundant Logic Cells                                               ; Off                ; Off                ;
; Remove Duplicate Registers                                                 ; On                 ; On                 ;
; Ignore CARRY Buffers                                                       ; Off                ; Off                ;
; Ignore CASCADE Buffers                                                     ; Off                ; Off                ;
; Ignore GLOBAL Buffers                                                      ; Off                ; Off                ;
; Ignore ROW GLOBAL Buffers                                                  ; Off                ; Off                ;
; Ignore LCELL Buffers                                                       ; Off                ; Off                ;
; Ignore SOFT Buffers                                                        ; On                 ; On                 ;
; Limit AHDL Integers to 32 Bits                                             ; Off                ; Off                ;
; Optimization Technique                                                     ; Balanced           ; Balanced           ;
; Carry Chain Length                                                         ; 70                 ; 70                 ;
; Auto Carry Chains                                                          ; On                 ; On                 ;
; Auto Open-Drain Pins                                                       ; On                 ; On                 ;
; Perform WYSIWYG Primitive Resynthesis                                      ; Off                ; Off                ;
; Auto ROM Replacement                                                       ; On                 ; On                 ;
; Auto RAM Replacement                                                       ; On                 ; On                 ;
; Auto DSP Block Replacement                                                 ; On                 ; On                 ;
; Auto Shift Register Replacement                                            ; Auto               ; Auto               ;
; Allow Shift Register Merging across Hierarchies                            ; Auto               ; Auto               ;
; Auto Clock Enable Replacement                                              ; On                 ; On                 ;
; Strict RAM Replacement                                                     ; Off                ; Off                ;
; Allow Synchronous Control Signals                                          ; On                 ; On                 ;
; Force Use of Synchronous Clear Signals                                     ; Off                ; Off                ;
; Auto RAM Block Balancing                                                   ; On                 ; On                 ;
; Auto RAM to Logic Cell Conversion                                          ; Off                ; Off                ;
; Auto Resource Sharing                                                      ; Off                ; Off                ;
; Allow Any RAM Size For Recognition                                         ; Off                ; Off                ;
; Allow Any ROM Size For Recognition                                         ; Off                ; Off                ;
; Allow Any Shift Register Size For Recognition                              ; Off                ; Off                ;
; Use LogicLock Constraints during Resource Balancing                        ; On                 ; On                 ;
; Ignore translate_off and synthesis_off directives                          ; Off                ; Off                ;
; Timing-Driven Synthesis                                                    ; On                 ; On                 ;
; Report Parameter Settings                                                  ; On                 ; On                 ;
; Report Source Assignments                                                  ; On                 ; On                 ;
; Report Connectivity Checks                                                 ; On                 ; On                 ;
; Ignore Maximum Fan-Out Assignments                                         ; Off                ; Off                ;
; Synchronization Register Chain Length                                      ; 2                  ; 2                  ;
; PowerPlay Power Optimization During Synthesis                              ; Normal compilation ; Normal compilation ;
; HDL message level                                                          ; Level2             ; Level2             ;
; Suppress Register Optimization Related Messages                            ; Off                ; Off                ;
; Number of Removed Registers Reported in Synthesis Report                   ; 5000               ; 5000               ;
; Number of Swept Nodes Reported in Synthesis Report                         ; 5000               ; 5000               ;
; Number of Inverted Registers Reported in Synthesis Report                  ; 100                ; 100                ;
; Clock MUX Protection                                                       ; On                 ; On                 ;
; Auto Gated Clock Conversion                                                ; Off                ; Off                ;
; Block Design Naming                                                        ; Auto               ; Auto               ;
; SDC constraint protection                                                  ; Off                ; Off                ;
; Synthesis Effort                                                           ; Auto               ; Auto               ;
; Shift Register Replacement - Allow Asynchronous Clear Signal               ; On                 ; On                 ;
; Pre-Mapping Resynthesis Optimization                                       ; Off                ; Off                ;
; Analysis & Synthesis Message Level                                         ; Medium             ; Medium             ;
; Disable Register Merging Across Hierarchies                                ; Auto               ; Auto               ;
; Resource Aware Inference For Block RAM                                     ; On                 ; On                 ;
; Synthesis Seed                                                             ; 1                  ; 1                  ;
+----------------------------------------------------------------------------+--------------------+--------------------+


+-------------------------------------------------------------------------------------------------------------------------------------------------------------+
; Analysis & Synthesis Source Files Read                                                                                                                      ;
+----------------------------------+-----------------+-----------------+----------------------------------------------------------------------------+---------+
; File Name with User-Entered Path ; Used in Netlist ; File Type       ; File Name with Absolute Path                                               ; Library ;
+----------------------------------+-----------------+-----------------+----------------------------------------------------------------------------+---------+
; digitalClock.vhd                 ; yes             ; User VHDL File  ; C:/Users/User/Desktop/Circuits/digitalClock/digitalClock.vhd               ;         ;
; zeroAnove.vhd                    ; yes             ; User VHDL File  ; C:/Users/User/Desktop/Circuits/digitalClock/zeroAnove.vhd                  ;         ;
; UnidadeContadora.vhd             ; yes             ; User VHDL File  ; C:/Users/User/Desktop/Circuits/digitalClock/UnidadeContadora.vhd           ;         ;
; sevensegmentwclockflipflop.vhd   ; yes             ; User VHDL File  ; C:/Users/User/Desktop/Circuits/digitalClock/sevensegmentwclockflipflop.vhd ;         ;
; sete_segmentos.vhd               ; yes             ; User VHDL File  ; C:/Users/User/Desktop/Circuits/digitalClock/sete_segmentos.vhd             ;         ;
; or_5.vhd                         ; yes             ; User VHDL File  ; C:/Users/User/Desktop/Circuits/digitalClock/or_5.vhd                       ;         ;
; or_4.vhd                         ; yes             ; User VHDL File  ; C:/Users/User/Desktop/Circuits/digitalClock/or_4.vhd                       ;         ;
; or_3.vhd                         ; yes             ; User VHDL File  ; C:/Users/User/Desktop/Circuits/digitalClock/or_3.vhd                       ;         ;
; or_2.vhd                         ; yes             ; User VHDL File  ; C:/Users/User/Desktop/Circuits/digitalClock/or_2.vhd                       ;         ;
; not_1.vhd                        ; yes             ; User VHDL File  ; C:/Users/User/Desktop/Circuits/digitalClock/not_1.vhd                      ;         ;
; FlipFlopD.vhd                    ; yes             ; User VHDL File  ; C:/Users/User/Desktop/Circuits/digitalClock/FlipFlopD.vhd                  ;         ;
; counterFFD.vhd                   ; yes             ; User VHDL File  ; C:/Users/User/Desktop/Circuits/digitalClock/counterFFD.vhd                 ;         ;
; and_3.vhd                        ; yes             ; User VHDL File  ; C:/Users/User/Desktop/Circuits/digitalClock/and_3.vhd                      ;         ;
; and_2.vhd                        ; yes             ; User VHDL File  ; C:/Users/User/Desktop/Circuits/digitalClock/and_2.vhd                      ;         ;
+----------------------------------+-----------------+-----------------+----------------------------------------------------------------------------+---------+


+-----------------------------------------------------------------------------------------------------------------------------------------+
; Analysis & Synthesis Resource Usage Summary                                                                                             ;
+--------------------------+--------------------------------------------------------------------------------------------------------------+
; Resource                 ; Usage                                                                                                        ;
+--------------------------+--------------------------------------------------------------------------------------------------------------+
; I/O pins                 ; 30                                                                                                           ;
;                          ;                                                                                                              ;
; DSP block 9-bit elements ; 0                                                                                                            ;
;                          ;                                                                                                              ;
; Maximum fan-out node     ; sevensegmentwclockflipflop:UnidadeMinutos|counterFFD:counter|unidadeContadora:UNIDADE1|FlipFlopD:FFD1|Q~reg0 ;
; Maximum fan-out          ; 12                                                                                                           ;
; Total fan-out            ; 106                                                                                                          ;
; Average fan-out          ; 1.31                                                                                                         ;
+--------------------------+--------------------------------------------------------------------------------------------------------------+


+-------------------------------------------------------------------------------------------------------------------------------------------------------------------------------------------------------------------------------------------------------------------------------------------------------------+
; Analysis & Synthesis Resource Utilization by Entity                                                                                                                                                                                                                                                         ;
+------------------------------------------------+-------------------+--------------+-------------+--------------+---------+-----------+-----------+------+--------------+---------------------------------------------------------------------------------------------------------------------+--------------+
; Compilation Hierarchy Node                     ; LC Combinationals ; LC Registers ; Memory Bits ; DSP Elements ; DSP 9x9 ; DSP 18x18 ; DSP 36x36 ; Pins ; Virtual Pins ; Full Hierarchy Name                                                                                                 ; Library Name ;
+------------------------------------------------+-------------------+--------------+-------------+--------------+---------+-----------+-----------+------+--------------+---------------------------------------------------------------------------------------------------------------------+--------------+
; |digitalClock                                  ; 17 (0)            ; 4 (0)        ; 0           ; 0            ; 0       ; 0         ; 0         ; 30   ; 0            ; |digitalClock                                                                                                       ; work         ;
;    |sevensegmentwclockflipflop:UnidadeMinutos| ; 17 (0)            ; 4 (0)        ; 0           ; 0            ; 0       ; 0         ; 0         ; 0    ; 0            ; |digitalClock|sevensegmentwclockflipflop:UnidadeMinutos                                                             ; work         ;
;       |counterFFD:counter|                     ; 5 (0)             ; 4 (0)        ; 0           ; 0            ; 0       ; 0         ; 0         ; 0    ; 0            ; |digitalClock|sevensegmentwclockflipflop:UnidadeMinutos|counterFFD:counter                                          ; work         ;
;          |unidadeContadora:UNIDADE1|           ; 1 (1)             ; 1 (0)        ; 0           ; 0            ; 0       ; 0         ; 0         ; 0    ; 0            ; |digitalClock|sevensegmentwclockflipflop:UnidadeMinutos|counterFFD:counter|unidadeContadora:UNIDADE1                ; work         ;
;             |FlipFlopD:FFD1|                   ; 0 (0)             ; 1 (1)        ; 0           ; 0            ; 0       ; 0         ; 0         ; 0    ; 0            ; |digitalClock|sevensegmentwclockflipflop:UnidadeMinutos|counterFFD:counter|unidadeContadora:UNIDADE1|FlipFlopD:FFD1 ; work         ;
;          |unidadeContadora:UNIDADE2|           ; 1 (1)             ; 1 (0)        ; 0           ; 0            ; 0       ; 0         ; 0         ; 0    ; 0            ; |digitalClock|sevensegmentwclockflipflop:UnidadeMinutos|counterFFD:counter|unidadeContadora:UNIDADE2                ; work         ;
;             |FlipFlopD:FFD1|                   ; 0 (0)             ; 1 (1)        ; 0           ; 0            ; 0       ; 0         ; 0         ; 0    ; 0            ; |digitalClock|sevensegmentwclockflipflop:UnidadeMinutos|counterFFD:counter|unidadeContadora:UNIDADE2|FlipFlopD:FFD1 ; work         ;
;          |unidadeContadora:UNIDADE3|           ; 2 (2)             ; 1 (0)        ; 0           ; 0            ; 0       ; 0         ; 0         ; 0    ; 0            ; |digitalClock|sevensegmentwclockflipflop:UnidadeMinutos|counterFFD:counter|unidadeContadora:UNIDADE3                ; work         ;
;             |FlipFlopD:FFD1|                   ; 0 (0)             ; 1 (1)        ; 0           ; 0            ; 0       ; 0         ; 0         ; 0    ; 0            ; |digitalClock|sevensegmentwclockflipflop:UnidadeMinutos|counterFFD:counter|unidadeContadora:UNIDADE3|FlipFlopD:FFD1 ; work         ;
;          |unidadeContadora:UNIDADE4|           ; 1 (1)             ; 1 (0)        ; 0           ; 0            ; 0       ; 0         ; 0         ; 0    ; 0            ; |digitalClock|sevensegmentwclockflipflop:UnidadeMinutos|counterFFD:counter|unidadeContadora:UNIDADE4                ; work         ;
;             |FlipFlopD:FFD1|                   ; 0 (0)             ; 1 (1)        ; 0           ; 0            ; 0       ; 0         ; 0         ; 0    ; 0            ; |digitalClock|sevensegmentwclockflipflop:UnidadeMinutos|counterFFD:counter|unidadeContadora:UNIDADE4|FlipFlopD:FFD1 ; work         ;
;       |sete_segmentos:display|                 ; 11 (0)            ; 0 (0)        ; 0           ; 0            ; 0       ; 0         ; 0         ; 0    ; 0            ; |digitalClock|sevensegmentwclockflipflop:UnidadeMinutos|sete_segmentos:display                                      ; work         ;
;          |and_2:C28|                           ; 2 (2)             ; 0 (0)        ; 0           ; 0            ; 0       ; 0         ; 0         ; 0    ; 0            ; |digitalClock|sevensegmentwclockflipflop:UnidadeMinutos|sete_segmentos:display|and_2:C28                            ; work         ;
;          |and_2:C29|                           ; 1 (1)             ; 0 (0)        ; 0           ; 0            ; 0       ; 0         ; 0         ; 0    ; 0            ; |digitalClock|sevensegmentwclockflipflop:UnidadeMinutos|sete_segmentos:display|and_2:C29                            ; work         ;
;          |and_2:C30|                           ; 1 (1)             ; 0 (0)        ; 0           ; 0            ; 0       ; 0         ; 0         ; 0    ; 0            ; |digitalClock|sevensegmentwclockflipflop:UnidadeMinutos|sete_segmentos:display|and_2:C30                            ; work         ;
;          |and_2:C31|                           ; 2 (2)             ; 0 (0)        ; 0           ; 0            ; 0       ; 0         ; 0         ; 0    ; 0            ; |digitalClock|sevensegmentwclockflipflop:UnidadeMinutos|sete_segmentos:display|and_2:C31                            ; work         ;
;          |and_2:C32|                           ; 1 (1)             ; 0 (0)        ; 0           ; 0            ; 0       ; 0         ; 0         ; 0    ; 0            ; |digitalClock|sevensegmentwclockflipflop:UnidadeMinutos|sete_segmentos:display|and_2:C32                            ; work         ;
;          |and_2:C33|                           ; 2 (2)             ; 0 (0)        ; 0           ; 0            ; 0       ; 0         ; 0         ; 0    ; 0            ; |digitalClock|sevensegmentwclockflipflop:UnidadeMinutos|sete_segmentos:display|and_2:C33                            ; work         ;
;          |and_2:C34|                           ; 2 (2)             ; 0 (0)        ; 0           ; 0            ; 0       ; 0         ; 0         ; 0    ; 0            ; |digitalClock|sevensegmentwclockflipflop:UnidadeMinutos|sete_segmentos:display|and_2:C34                            ; work         ;
;       |zeroAnove:reseter|                      ; 1 (1)             ; 0 (0)        ; 0           ; 0            ; 0       ; 0         ; 0         ; 0    ; 0            ; |digitalClock|sevensegmentwclockflipflop:UnidadeMinutos|zeroAnove:reseter                                           ; work         ;
+------------------------------------------------+-------------------+--------------+-------------+--------------+---------+-----------+-----------+------+--------------+---------------------------------------------------------------------------------------------------------------------+--------------+
Note: For table entries with two numbers listed, the numbers in parentheses indicate the number of resources of the given type used by the specific entity alone. The numbers listed outside of parentheses indicate the total resources of the given type used by the specific entity and all of its sub-entities in the hierarchy.


+----------------------------------------------------------------------------------------------------------------------------------+
; Registers Removed During Synthesis                                                                                               ;
+-------------------------------------------------------------------------------------------------------------+--------------------+
; Register name                                                                                               ; Reason for Removal ;
+-------------------------------------------------------------------------------------------------------------+--------------------+
; sevensegmentwclockflipflop:DezenaMinutos|counterFFD:counter|unidadeContadora:UNIDADE4|FlipFlopD:FFD1|Q~reg0 ; Lost fanout        ;
; sevensegmentwclockflipflop:DezenaMinutos|counterFFD:counter|unidadeContadora:UNIDADE2|FlipFlopD:FFD1|Q~reg0 ; Lost fanout        ;
; sevensegmentwclockflipflop:DezenaMinutos|counterFFD:counter|unidadeContadora:UNIDADE1|FlipFlopD:FFD1|Q~reg0 ; Lost fanout        ;
; sevensegmentwclockflipflop:DezenaMinutos|counterFFD:counter|unidadeContadora:UNIDADE3|FlipFlopD:FFD1|Q~reg0 ; Lost fanout        ;
; sevensegmentwclockflipflop:UnidadeHoras|counterFFD:counter|unidadeContadora:UNIDADE4|FlipFlopD:FFD1|Q~reg0  ; Lost fanout        ;
; sevensegmentwclockflipflop:UnidadeHoras|counterFFD:counter|unidadeContadora:UNIDADE2|FlipFlopD:FFD1|Q~reg0  ; Lost fanout        ;
; sevensegmentwclockflipflop:UnidadeHoras|counterFFD:counter|unidadeContadora:UNIDADE1|FlipFlopD:FFD1|Q~reg0  ; Lost fanout        ;
; sevensegmentwclockflipflop:UnidadeHoras|counterFFD:counter|unidadeContadora:UNIDADE3|FlipFlopD:FFD1|Q~reg0  ; Lost fanout        ;
; sevensegmentwclockflipflop:DezenaHoras|counterFFD:counter|unidadeContadora:UNIDADE4|FlipFlopD:FFD1|Q~reg0   ; Lost fanout        ;
; sevensegmentwclockflipflop:DezenaHoras|counterFFD:counter|unidadeContadora:UNIDADE3|FlipFlopD:FFD1|Q~reg0   ; Lost fanout        ;
; sevensegmentwclockflipflop:DezenaHoras|counterFFD:counter|unidadeContadora:UNIDADE2|FlipFlopD:FFD1|Q~reg0   ; Lost fanout        ;
; sevensegmentwclockflipflop:DezenaHoras|counterFFD:counter|unidadeContadora:UNIDADE1|FlipFlopD:FFD1|Q~reg0   ; Lost fanout        ;
; Total Number of Removed Registers = 12                                                                      ;                    ;
+-------------------------------------------------------------------------------------------------------------+--------------------+


+-------------------------------------------------------------------------------------------------------------------------------------------------------------------------------------------------------------------------------------------------+
; Removed Registers Triggering Further Register Optimizations                                                                                                                                                                                     ;
+-------------------------------------------------------------------------------------------------------------+--------------------+--------------------------------------------------------------------------------------------------------------+
; Register name                                                                                               ; Reason for Removal ; Registers Removed due to This Register                                                                       ;
+-------------------------------------------------------------------------------------------------------------+--------------------+--------------------------------------------------------------------------------------------------------------+
; sevensegmentwclockflipflop:DezenaMinutos|counterFFD:counter|unidadeContadora:UNIDADE4|FlipFlopD:FFD1|Q~reg0 ; Lost Fanouts       ; sevensegmentwclockflipflop:DezenaMinutos|counterFFD:counter|unidadeContadora:UNIDADE2|FlipFlopD:FFD1|Q~reg0, ;
;                                                                                                             ;                    ; sevensegmentwclockflipflop:DezenaMinutos|counterFFD:counter|unidadeContadora:UNIDADE1|FlipFlopD:FFD1|Q~reg0, ;
;                                                                                                             ;                    ; sevensegmentwclockflipflop:DezenaMinutos|counterFFD:counter|unidadeContadora:UNIDADE3|FlipFlopD:FFD1|Q~reg0  ;
; sevensegmentwclockflipflop:UnidadeHoras|counterFFD:counter|unidadeContadora:UNIDADE4|FlipFlopD:FFD1|Q~reg0  ; Lost Fanouts       ; sevensegmentwclockflipflop:UnidadeHoras|counterFFD:counter|unidadeContadora:UNIDADE2|FlipFlopD:FFD1|Q~reg0,  ;
;                                                                                                             ;                    ; sevensegmentwclockflipflop:UnidadeHoras|counterFFD:counter|unidadeContadora:UNIDADE1|FlipFlopD:FFD1|Q~reg0,  ;
;                                                                                                             ;                    ; sevensegmentwclockflipflop:UnidadeHoras|counterFFD:counter|unidadeContadora:UNIDADE3|FlipFlopD:FFD1|Q~reg0   ;
; sevensegmentwclockflipflop:DezenaHoras|counterFFD:counter|unidadeContadora:UNIDADE4|FlipFlopD:FFD1|Q~reg0   ; Lost Fanouts       ; sevensegmentwclockflipflop:DezenaHoras|counterFFD:counter|unidadeContadora:UNIDADE3|FlipFlopD:FFD1|Q~reg0,   ;
;                                                                                                             ;                    ; sevensegmentwclockflipflop:DezenaHoras|counterFFD:counter|unidadeContadora:UNIDADE2|FlipFlopD:FFD1|Q~reg0,   ;
;                                                                                                             ;                    ; sevensegmentwclockflipflop:DezenaHoras|counterFFD:counter|unidadeContadora:UNIDADE1|FlipFlopD:FFD1|Q~reg0    ;
+-------------------------------------------------------------------------------------------------------------+--------------------+--------------------------------------------------------------------------------------------------------------+


+------------------------------------------------------+
; General Register Statistics                          ;
+----------------------------------------------+-------+
; Statistic                                    ; Value ;
+----------------------------------------------+-------+
; Total registers                              ; 4     ;
; Number of registers using Synchronous Clear  ; 0     ;
; Number of registers using Synchronous Load   ; 0     ;
; Number of registers using Asynchronous Clear ; 4     ;
; Number of registers using Asynchronous Load  ; 0     ;
; Number of registers using Clock Enable       ; 0     ;
; Number of registers using Preset             ; 0     ;
+----------------------------------------------+-------+


+------------------------------------------------------------------------------------------------------------------------+
; Port Connectivity Checks: "sevensegmentwclockflipflop:DezenaHoras"                                                     ;
+--------------+--------+----------+-------------------------------------------------------------------------------------+
; Port         ; Type   ; Severity ; Details                                                                             ;
+--------------+--------+----------+-------------------------------------------------------------------------------------+
; value_set[3] ; Input  ; Info     ; Stuck at VCC                                                                        ;
; value_set[2] ; Input  ; Info     ; Stuck at GND                                                                        ;
; value_set[1] ; Input  ; Info     ; Stuck at VCC                                                                        ;
; value_set[0] ; Input  ; Info     ; Stuck at GND                                                                        ;
; cout         ; Output ; Info     ; Connected to dangling logic. Logic that only feeds a dangling port will be removed. ;
+--------------+--------+----------+-------------------------------------------------------------------------------------+


+---------------------------------------------------------------------+
; Port Connectivity Checks: "sevensegmentwclockflipflop:UnidadeHoras" ;
+--------------+-------+----------+-----------------------------------+
; Port         ; Type  ; Severity ; Details                           ;
+--------------+-------+----------+-----------------------------------+
; value_set[3] ; Input ; Info     ; Stuck at VCC                      ;
; value_set[2] ; Input ; Info     ; Stuck at GND                      ;
; value_set[1] ; Input ; Info     ; Stuck at VCC                      ;
; value_set[0] ; Input ; Info     ; Stuck at GND                      ;
+--------------+-------+----------+-----------------------------------+


+----------------------------------------------------------------------+
; Port Connectivity Checks: "sevensegmentwclockflipflop:DezenaMinutos" ;
+-----------------+-------+----------+---------------------------------+
; Port            ; Type  ; Severity ; Details                         ;
+-----------------+-------+----------+---------------------------------+
; value_set[2..0] ; Input ; Info     ; Stuck at VCC                    ;
; value_set[3]    ; Input ; Info     ; Stuck at GND                    ;
+-----------------+-------+----------+---------------------------------+


+------------------------------------------------------------------------------------------------------------------+
; Port Connectivity Checks: "sevensegmentwclockflipflop:UnidadeMinutos|sete_segmentos:display|not_1:C1"            ;
+--------+--------+----------+-------------------------------------------------------------------------------------+
; Port   ; Type   ; Severity ; Details                                                                             ;
+--------+--------+----------+-------------------------------------------------------------------------------------+
; output ; Output ; Info     ; Connected to dangling logic. Logic that only feeds a dangling port will be removed. ;
+--------+--------+----------+-------------------------------------------------------------------------------------+


+--------------------------------------------------------------------------------------------------------------------+
; Port Connectivity Checks: "sevensegmentwclockflipflop:UnidadeMinutos|counterFFD:counter|unidadeContadora:UNIDADE4" ;
+------+-------+----------+------------------------------------------------------------------------------------------+
; Port ; Type  ; Severity ; Details                                                                                  ;
+------+-------+----------+------------------------------------------------------------------------------------------+
; qn   ; Bidir ; Warning  ; Connected to dangling logic. Logic that only feeds a dangling port will be removed.      ;
+------+-------+----------+------------------------------------------------------------------------------------------+


+--------------------------------------------------------------------------------------------------------------------+
; Port Connectivity Checks: "sevensegmentwclockflipflop:UnidadeMinutos|counterFFD:counter|unidadeContadora:UNIDADE3" ;
+------+-------+----------+------------------------------------------------------------------------------------------+
; Port ; Type  ; Severity ; Details                                                                                  ;
+------+-------+----------+------------------------------------------------------------------------------------------+
; qn   ; Bidir ; Warning  ; Connected to dangling logic. Logic that only feeds a dangling port will be removed.      ;
+------+-------+----------+------------------------------------------------------------------------------------------+


+--------------------------------------------------------------------------------------------------------------------+
; Port Connectivity Checks: "sevensegmentwclockflipflop:UnidadeMinutos|counterFFD:counter|unidadeContadora:UNIDADE2" ;
+------+-------+----------+------------------------------------------------------------------------------------------+
; Port ; Type  ; Severity ; Details                                                                                  ;
+------+-------+----------+------------------------------------------------------------------------------------------+
; qn   ; Bidir ; Warning  ; Connected to dangling logic. Logic that only feeds a dangling port will be removed.      ;
+------+-------+----------+------------------------------------------------------------------------------------------+


+--------------------------------------------------------------------------------------------------------------------+
; Port Connectivity Checks: "sevensegmentwclockflipflop:UnidadeMinutos|counterFFD:counter|unidadeContadora:UNIDADE1" ;
+------+-------+----------+------------------------------------------------------------------------------------------+
; Port ; Type  ; Severity ; Details                                                                                  ;
+------+-------+----------+------------------------------------------------------------------------------------------+
; qn   ; Bidir ; Warning  ; Connected to dangling logic. Logic that only feeds a dangling port will be removed.      ;
+------+-------+----------+------------------------------------------------------------------------------------------+


+----------------------------------------------------------------------------------------------------------------+
; Port Connectivity Checks: "sevensegmentwclockflipflop:UnidadeMinutos|counterFFD:counter"                       ;
+------+--------+----------+-------------------------------------------------------------------------------------+
; Port ; Type   ; Severity ; Details                                                                             ;
+------+--------+----------+-------------------------------------------------------------------------------------+
; cout ; Output ; Info     ; Connected to dangling logic. Logic that only feeds a dangling port will be removed. ;
+------+--------+----------+-------------------------------------------------------------------------------------+


+-----------------------------------------------------------------------+
; Port Connectivity Checks: "sevensegmentwclockflipflop:UnidadeMinutos" ;
+--------------+-------+----------+-------------------------------------+
; Port         ; Type  ; Severity ; Details                             ;
+--------------+-------+----------+-------------------------------------+
; value_set[3] ; Input ; Info     ; Stuck at VCC                        ;
; value_set[2] ; Input ; Info     ; Stuck at GND                        ;
; value_set[1] ; Input ; Info     ; Stuck at VCC                        ;
; value_set[0] ; Input ; Info     ; Stuck at GND                        ;
+--------------+-------+----------+-------------------------------------+


+-----------------------------------------------------+
; Post-Synthesis Netlist Statistics for Top Partition ;
+-----------------------+-----------------------------+
; Type                  ; Count                       ;
+-----------------------+-----------------------------+
; boundary_port         ; 30                          ;
; cycloneiii_ff         ; 4                           ;
;     CLR               ; 4                           ;
; cycloneiii_lcell_comb ; 18                          ;
;     normal            ; 18                          ;
;         0 data inputs ; 1                           ;
;         2 data inputs ; 5                           ;
;         3 data inputs ; 1                           ;
;         4 data inputs ; 11                          ;
;                       ;                             ;
; Max LUT depth         ; 2.00                        ;
; Average LUT depth     ; 1.58                        ;
+-----------------------+-----------------------------+


+-------------------------------+
; Elapsed Time Per Partition    ;
+----------------+--------------+
; Partition Name ; Elapsed Time ;
+----------------+--------------+
; Top            ; 00:00:00     ;
+----------------+--------------+


+-------------------------------+
; Analysis & Synthesis Messages ;
+-------------------------------+
Info: *******************************************************************
Info: Running Quartus II 64-Bit Analysis & Synthesis
    Info: Version 14.1.0 Build 186 12/03/2014 SJ Web Edition
    Info: Processing started: Fri May 12 08:38:14 2017
Info: Command: quartus_map --read_settings_files=on --write_settings_files=off digitalClock -c digitalClock
Warning (20028): Parallel compilation is not licensed and has been disabled
Info (12021): Found 2 design units, including 1 entities, in source file digitalclock.vhd
    Info (12022): Found design unit 1: digitalClock-structural
    Info (12023): Found entity 1: digitalClock
Info (12021): Found 2 design units, including 1 entities, in source file zeroanove.vhd
    Info (12022): Found design unit 1: zeroAnove-structural
    Info (12023): Found entity 1: zeroAnove
Info (12021): Found 2 design units, including 1 entities, in source file unidadecontadora.vhd
    Info (12022): Found design unit 1: unidadeContadora-structural
    Info (12023): Found entity 1: unidadeContadora
Info (12021): Found 2 design units, including 1 entities, in source file sevensegmentwclockflipflop.vhd
    Info (12022): Found design unit 1: sevensegmentwclockflipflop-structural
    Info (12023): Found entity 1: sevensegmentwclockflipflop
Info (12021): Found 2 design units, including 1 entities, in source file sete_segmentos.vhd
    Info (12022): Found design unit 1: sete_segmentos-structural
    Info (12023): Found entity 1: sete_segmentos
Info (12021): Found 2 design units, including 1 entities, in source file or_5.vhd
    Info (12022): Found design unit 1: or_5-data_flow
    Info (12023): Found entity 1: or_5
Info (12021): Found 2 design units, including 1 entities, in source file or_4.vhd
    Info (12022): Found design unit 1: or_4-data_flow
    Info (12023): Found entity 1: or_4
Info (12021): Found 2 design units, including 1 entities, in source file or_3.vhd
    Info (12022): Found design unit 1: or_3-data_flow
    Info (12023): Found entity 1: or_3
Info (12021): Found 2 design units, including 1 entities, in source file or_2.vhd
    Info (12022): Found design unit 1: or_2-data_flow
    Info (12023): Found entity 1: or_2
Info (12021): Found 2 design units, including 1 entities, in source file not_1.vhd
    Info (12022): Found design unit 1: not_1-data_flow
    Info (12023): Found entity 1: not_1
Info (12021): Found 2 design units, including 1 entities, in source file flipflopd.vhd
    Info (12022): Found design unit 1: FlipFlopD-structural
    Info (12023): Found entity 1: FlipFlopD
Info (12021): Found 2 design units, including 1 entities, in source file counterffd.vhd
    Info (12022): Found design unit 1: counterFFD-structural
    Info (12023): Found entity 1: counterFFD
Info (12021): Found 2 design units, including 1 entities, in source file and_3.vhd
    Info (12022): Found design unit 1: and_3-data_flow
    Info (12023): Found entity 1: and_3
Info (12021): Found 2 design units, including 1 entities, in source file and_2.vhd
    Info (12022): Found design unit 1: and_2-data_flow
    Info (12023): Found entity 1: and_2
Info (12127): Elaborating entity "digitalClock" for the top level hierarchy
Warning (10036): Verilog HDL or VHDL warning at digitalClock.vhd(23): object "cout4" assigned a value but never read
Info (12129): Elaborating entity "sevensegmentwclockflipflop" using architecture "A:structural" for hierarchy "sevensegmentwclockflipflop:UnidadeMinutos"
Warning (10036): Verilog HDL or VHDL warning at sevensegmentwclockflipflop.vhd(34): object "Cout_aux" assigned a value but never read
Info (12129): Elaborating entity "counterFFD" using architecture "A:structural" for hierarchy "sevensegmentwclockflipflop:UnidadeMinutos|counterFFD:counter"
Info (12129): Elaborating entity "unidadeContadora" using architecture "A:structural" for hierarchy "sevensegmentwclockflipflop:UnidadeMinutos|counterFFD:counter|unidadeContadora:UNIDADE1"
Info (12129): Elaborating entity "FlipFlopD" using architecture "A:structural" for hierarchy "sevensegmentwclockflipflop:UnidadeMinutos|counterFFD:counter|unidadeContadora:UNIDADE1|FlipFlopD:FFD1"
Info (12129): Elaborating entity "zeroAnove" using architecture "A:structural" for hierarchy "sevensegmentwclockflipflop:UnidadeMinutos|zeroAnove:reseter"
Warning (10541): VHDL Signal Declaration warning at zeroAnove.vhd(6): used implicit default value for signal "Cout" because signal was never assigned a value or an explicit default value. Use of implicit default value may introduce unintended design optimizations.
Warning (10492): VHDL Process Statement warning at zeroAnove.vhd(13): signal "Value_set" is read inside the Process Statement but isn't in the Process Statement's sensitivity list
Info (12129): Elaborating entity "sete_segmentos" using architecture "A:structural" for hierarchy "sevensegmentwclockflipflop:UnidadeMinutos|sete_segmentos:display"
Warning (10036): Verilog HDL or VHDL warning at sete_segmentos.vhd(28): object "nA" assigned a value but never read
Info (12129): Elaborating entity "not_1" using architecture "A:data_flow" for hierarchy "sevensegmentwclockflipflop:UnidadeMinutos|sete_segmentos:display|not_1:C1"
Info (12129): Elaborating entity "and_2" using architecture "A:data_flow" for hierarchy "sevensegmentwclockflipflop:UnidadeMinutos|sete_segmentos:display|and_2:C5"
Info (12129): Elaborating entity "and_3" using architecture "A:data_flow" for hierarchy "sevensegmentwclockflipflop:UnidadeMinutos|sete_segmentos:display|and_3:C12"
Info (12129): Elaborating entity "or_4" using architecture "A:data_flow" for hierarchy "sevensegmentwclockflipflop:UnidadeMinutos|sete_segmentos:display|or_4:C21"
Info (12129): Elaborating entity "or_3" using architecture "A:data_flow" for hierarchy "sevensegmentwclockflipflop:UnidadeMinutos|sete_segmentos:display|or_3:C22"
Info (12129): Elaborating entity "or_5" using architecture "A:data_flow" for hierarchy "sevensegmentwclockflipflop:UnidadeMinutos|sete_segmentos:display|or_5:C24"
Info (12129): Elaborating entity "or_2" using architecture "A:data_flow" for hierarchy "sevensegmentwclockflipflop:UnidadeMinutos|sete_segmentos:display|or_2:C25"
Warning (12241): 4 hierarchies have connectivity warnings - see the Connectivity Checks report folder
Warning (13024): Output pins are stuck at VCC or GND
    Warning (13410): Pin "MinutosDez[0]" is stuck at GND
    Warning (13410): Pin "MinutosDez[1]" is stuck at GND
    Warning (13410): Pin "MinutosDez[2]" is stuck at GND
    Warning (13410): Pin "MinutosDez[3]" is stuck at GND
    Warning (13410): Pin "MinutosDez[4]" is stuck at GND
    Warning (13410): Pin "MinutosDez[5]" is stuck at GND
    Warning (13410): Pin "MinutosDez[6]" is stuck at GND
    Warning (13410): Pin "HorasUni[0]" is stuck at GND
    Warning (13410): Pin "HorasUni[1]" is stuck at GND
    Warning (13410): Pin "HorasUni[2]" is stuck at GND
    Warning (13410): Pin "HorasUni[3]" is stuck at GND
    Warning (13410): Pin "HorasUni[4]" is stuck at GND
    Warning (13410): Pin "HorasUni[5]" is stuck at GND
    Warning (13410): Pin "HorasUni[6]" is stuck at GND
    Warning (13410): Pin "HorasDez[0]" is stuck at GND
    Warning (13410): Pin "HorasDez[1]" is stuck at GND
    Warning (13410): Pin "HorasDez[2]" is stuck at GND
    Warning (13410): Pin "HorasDez[3]" is stuck at GND
    Warning (13410): Pin "HorasDez[4]" is stuck at GND
    Warning (13410): Pin "HorasDez[5]" is stuck at GND
    Warning (13410): Pin "HorasDez[6]" is stuck at GND
Info (286030): Timing-Driven Synthesis is running
Info (17049): 12 registers lost all their fanouts during netlist optimizations.
Info (16010): Generating hard_block partition "hard_block:auto_generated_inst"
    Info (16011): Adding 0 node(s), including 0 DDIO, 0 PLL, 0 transceiver and 0 LCELL
Info (21057): Implemented 47 device resources after synthesis - the final resource count might be different
    Info (21058): Implemented 2 input pins
    Info (21059): Implemented 28 output pins
    Info (21061): Implemented 17 logic cells
Info: Quartus II 64-Bit Analysis & Synthesis was successful. 0 errors, 29 warnings
    Info: Peak virtual memory: 704 megabytes
    Info: Processing ended: Fri May 12 08:38:42 2017
    Info: Elapsed time: 00:00:28
    Info: Total CPU time (on all processors): 00:00:26


