Analysis & Synthesis report for zeroAdoze
Wed May 24 09:08:09 2017
Quartus II 64-Bit Version 14.1.0 Build 186 12/03/2014 SJ Web Edition


---------------------
; Table of Contents ;
---------------------
  1. Legal Notice
  2. Analysis & Synthesis Summary
  3. Analysis & Synthesis Settings
  4. Analysis & Synthesis Source Files Read
  5. Analysis & Synthesis Resource Usage Summary
  6. Analysis & Synthesis Resource Utilization by Entity
  7. User-Specified and Inferred Latches
  8. General Register Statistics
  9. Port Connectivity Checks: "sete_segmentos:display1|not_1:C1"
 10. Port Connectivity Checks: "resetador:reseter"
 11. Port Connectivity Checks: "counterFFD:counter|unidadeContadora:UNIDADE4"
 12. Port Connectivity Checks: "counterFFD:counter|unidadeContadora:UNIDADE3"
 13. Port Connectivity Checks: "counterFFD:counter|unidadeContadora:UNIDADE2"
 14. Port Connectivity Checks: "counterFFD:counter|unidadeContadora:UNIDADE1"
 15. Port Connectivity Checks: "counterFFD:counter"
 16. Post-Synthesis Netlist Statistics for Top Partition
 17. Elapsed Time Per Partition
 18. Analysis & Synthesis Messages



----------------
; Legal Notice ;
----------------
Copyright (C) 1991-2014 Altera Corporation. All rights reserved.
Your use of Altera Corporation's design tools, logic functions 
and other software and tools, and its AMPP partner logic 
functions, and any output files from any of the foregoing 
(including device programming or simulation files), and any 
associated documentation or information are expressly subject 
to the terms and conditions of the Altera Program License 
Subscription Agreement, the Altera Quartus II License Agreement,
the Altera MegaCore Function License Agreement, or other 
applicable license agreement, including, without limitation, 
that your use is for the sole purpose of programming logic 
devices manufactured by Altera and sold by Altera or its 
authorized distributors.  Please refer to the applicable 
agreement for further details.



+---------------------------------------------------------------------------------+
; Analysis & Synthesis Summary                                                    ;
+------------------------------------+--------------------------------------------+
; Analysis & Synthesis Status        ; Successful - Wed May 24 09:08:09 2017      ;
; Quartus II 64-Bit Version          ; 14.1.0 Build 186 12/03/2014 SJ Web Edition ;
; Revision Name                      ; zeroAdoze                                  ;
; Top-level Entity Name              ; zeroAdoze                                  ;
; Family                             ; Cyclone IV GX                              ;
; Total logic elements               ; 29                                         ;
;     Total combinational functions  ; 29                                         ;
;     Dedicated logic registers      ; 4                                          ;
; Total registers                    ; 4                                          ;
; Total pins                         ; 16                                         ;
; Total virtual pins                 ; 0                                          ;
; Total memory bits                  ; 0                                          ;
; Embedded Multiplier 9-bit elements ; 0                                          ;
; Total GXB Receiver Channel PCS     ; 0                                          ;
; Total GXB Receiver Channel PMA     ; 0                                          ;
; Total GXB Transmitter Channel PCS  ; 0                                          ;
; Total GXB Transmitter Channel PMA  ; 0                                          ;
; Total PLLs                         ; 0                                          ;
+------------------------------------+--------------------------------------------+


+----------------------------------------------------------------------------------------------------------------------+
; Analysis & Synthesis Settings                                                                                        ;
+----------------------------------------------------------------------------+--------------------+--------------------+
; Option                                                                     ; Setting            ; Default Value      ;
+----------------------------------------------------------------------------+--------------------+--------------------+
; Top-level entity name                                                      ; zeroAdoze          ; zeroAdoze          ;
; Family name                                                                ; Cyclone IV GX      ; Cyclone IV GX      ;
; Use smart compilation                                                      ; Off                ; Off                ;
; Enable parallel Assembler and TimeQuest Timing Analyzer during compilation ; On                 ; On                 ;
; Enable compact report table                                                ; Off                ; Off                ;
; Restructure Multiplexers                                                   ; Auto               ; Auto               ;
; Create Debugging Nodes for IP Cores                                        ; Off                ; Off                ;
; Preserve fewer node names                                                  ; On                 ; On                 ;
; Disable OpenCore Plus hardware evaluation                                  ; Off                ; Off                ;
; Verilog Version                                                            ; Verilog_2001       ; Verilog_2001       ;
; VHDL Version                                                               ; VHDL_1993          ; VHDL_1993          ;
; State Machine Processing                                                   ; Auto               ; Auto               ;
; Safe State Machine                                                         ; Off                ; Off                ;
; Extract Verilog State Machines                                             ; On                 ; On                 ;
; Extract VHDL State Machines                                                ; On                 ; On                 ;
; Ignore Verilog initial constructs                                          ; Off                ; Off                ;
; Iteration limit for constant Verilog loops                                 ; 5000               ; 5000               ;
; Iteration limit for non-constant Verilog loops                             ; 250                ; 250                ;
; Add Pass-Through Logic to Inferred RAMs                                    ; On                 ; On                 ;
; Infer RAMs from Raw Logic                                                  ; On                 ; On                 ;
; Parallel Synthesis                                                         ; On                 ; On                 ;
; DSP Block Balancing                                                        ; Auto               ; Auto               ;
; NOT Gate Push-Back                                                         ; On                 ; On                 ;
; Power-Up Don't Care                                                        ; On                 ; On                 ;
; Remove Redundant Logic Cells                                               ; Off                ; Off                ;
; Remove Duplicate Registers                                                 ; On                 ; On                 ;
; Ignore CARRY Buffers                                                       ; Off                ; Off                ;
; Ignore CASCADE Buffers                                                     ; Off                ; Off                ;
; Ignore GLOBAL Buffers                                                      ; Off                ; Off                ;
; Ignore ROW GLOBAL Buffers                                                  ; Off                ; Off                ;
; Ignore LCELL Buffers                                                       ; Off                ; Off                ;
; Ignore SOFT Buffers                                                        ; On                 ; On                 ;
; Limit AHDL Integers to 32 Bits                                             ; Off                ; Off                ;
; Optimization Technique                                                     ; Balanced           ; Balanced           ;
; Carry Chain Length                                                         ; 70                 ; 70                 ;
; Auto Carry Chains                                                          ; On                 ; On                 ;
; Auto Open-Drain Pins                                                       ; On                 ; On                 ;
; Perform WYSIWYG Primitive Resynthesis                                      ; Off                ; Off                ;
; Auto ROM Replacement                                                       ; On                 ; On                 ;
; Auto RAM Replacement                                                       ; On                 ; On                 ;
; Auto DSP Block Replacement                                                 ; On                 ; On                 ;
; Auto Shift Register Replacement                                            ; Auto               ; Auto               ;
; Allow Shift Register Merging across Hierarchies                            ; Auto               ; Auto               ;
; Auto Clock Enable Replacement                                              ; On                 ; On                 ;
; Strict RAM Replacement                                                     ; Off                ; Off                ;
; Allow Synchronous Control Signals                                          ; On                 ; On                 ;
; Force Use of Synchronous Clear Signals                                     ; Off                ; Off                ;
; Auto RAM Block Balancing                                                   ; On                 ; On                 ;
; Auto RAM to Logic Cell Conversion                                          ; Off                ; Off                ;
; Auto Resource Sharing                                                      ; Off                ; Off                ;
; Allow Any RAM Size For Recognition                                         ; Off                ; Off                ;
; Allow Any ROM Size For Recognition                                         ; Off                ; Off                ;
; Allow Any Shift Register Size For Recognition                              ; Off                ; Off                ;
; Use LogicLock Constraints during Resource Balancing                        ; On                 ; On                 ;
; Ignore translate_off and synthesis_off directives                          ; Off                ; Off                ;
; Timing-Driven Synthesis                                                    ; On                 ; On                 ;
; Report Parameter Settings                                                  ; On                 ; On                 ;
; Report Source Assignments                                                  ; On                 ; On                 ;
; Report Connectivity Checks                                                 ; On                 ; On                 ;
; Ignore Maximum Fan-Out Assignments                                         ; Off                ; Off                ;
; Synchronization Register Chain Length                                      ; 2                  ; 2                  ;
; PowerPlay Power Optimization During Synthesis                              ; Normal compilation ; Normal compilation ;
; HDL message level                                                          ; Level2             ; Level2             ;
; Suppress Register Optimization Related Messages                            ; Off                ; Off                ;
; Number of Removed Registers Reported in Synthesis Report                   ; 5000               ; 5000               ;
; Number of Swept Nodes Reported in Synthesis Report                         ; 5000               ; 5000               ;
; Number of Inverted Registers Reported in Synthesis Report                  ; 100                ; 100                ;
; Clock MUX Protection                                                       ; On                 ; On                 ;
; Auto Gated Clock Conversion                                                ; Off                ; Off                ;
; Block Design Naming                                                        ; Auto               ; Auto               ;
; SDC constraint protection                                                  ; Off                ; Off                ;
; Synthesis Effort                                                           ; Auto               ; Auto               ;
; Shift Register Replacement - Allow Asynchronous Clear Signal               ; On                 ; On                 ;
; Pre-Mapping Resynthesis Optimization                                       ; Off                ; Off                ;
; Analysis & Synthesis Message Level                                         ; Medium             ; Medium             ;
; Disable Register Merging Across Hierarchies                                ; Auto               ; Auto               ;
; Resource Aware Inference For Block RAM                                     ; On                 ; On                 ;
; Synthesis Seed                                                             ; 1                  ; 1                  ;
+----------------------------------------------------------------------------+--------------------+--------------------+


+-------------------------------------------------------------------------------------------------------------------------------------------------------------+
; Analysis & Synthesis Source Files Read                                                                                                                      ;
+----------------------------------+-----------------+-----------------+----------------------------------------------------------------------------+---------+
; File Name with User-Entered Path ; Used in Netlist ; File Type       ; File Name with Absolute Path                                               ; Library ;
+----------------------------------+-----------------+-----------------+----------------------------------------------------------------------------+---------+
; resetador.vhd                    ; yes             ; User VHDL File  ; C:/Users/User/Desktop/Circuits/digitalClock/zeroAdoze/resetador.vhd        ;         ;
; UnidadeContadora.vhd             ; yes             ; User VHDL File  ; C:/Users/User/Desktop/Circuits/digitalClock/zeroAdoze/UnidadeContadora.vhd ;         ;
; sete_segmentos.vhd               ; yes             ; User VHDL File  ; C:/Users/User/Desktop/Circuits/digitalClock/zeroAdoze/sete_segmentos.vhd   ;         ;
; or_5.vhd                         ; yes             ; User VHDL File  ; C:/Users/User/Desktop/Circuits/digitalClock/zeroAdoze/or_5.vhd             ;         ;
; or_4.vhd                         ; yes             ; User VHDL File  ; C:/Users/User/Desktop/Circuits/digitalClock/zeroAdoze/or_4.vhd             ;         ;
; or_3.vhd                         ; yes             ; User VHDL File  ; C:/Users/User/Desktop/Circuits/digitalClock/zeroAdoze/or_3.vhd             ;         ;
; or_2.vhd                         ; yes             ; User VHDL File  ; C:/Users/User/Desktop/Circuits/digitalClock/zeroAdoze/or_2.vhd             ;         ;
; not_1.vhd                        ; yes             ; User VHDL File  ; C:/Users/User/Desktop/Circuits/digitalClock/zeroAdoze/not_1.vhd            ;         ;
; FlipFlopD.vhd                    ; yes             ; User VHDL File  ; C:/Users/User/Desktop/Circuits/digitalClock/zeroAdoze/FlipFlopD.vhd        ;         ;
; counterFFD.vhd                   ; yes             ; User VHDL File  ; C:/Users/User/Desktop/Circuits/digitalClock/zeroAdoze/counterFFD.vhd       ;         ;
; and_3.vhd                        ; yes             ; User VHDL File  ; C:/Users/User/Desktop/Circuits/digitalClock/zeroAdoze/and_3.vhd            ;         ;
; and_2.vhd                        ; yes             ; User VHDL File  ; C:/Users/User/Desktop/Circuits/digitalClock/zeroAdoze/and_2.vhd            ;         ;
; zeroAdoze.vhd                    ; yes             ; User VHDL File  ; C:/Users/User/Desktop/Circuits/digitalClock/zeroAdoze/zeroAdoze.vhd        ;         ;
; MUXDOZE.vhd                      ; yes             ; User VHDL File  ; C:/Users/User/Desktop/Circuits/digitalClock/zeroAdoze/MUXDOZE.vhd          ;         ;
+----------------------------------+-----------------+-----------------+----------------------------------------------------------------------------+---------+


+---------------------------------------------+
; Analysis & Synthesis Resource Usage Summary ;
+--------------------------+------------------+
; Resource                 ; Usage            ;
+--------------------------+------------------+
; I/O pins                 ; 16               ;
;                          ;                  ;
; DSP block 9-bit elements ; 0                ;
;                          ;                  ;
; Maximum fan-out node     ; habilita~input   ;
; Maximum fan-out          ; 14               ;
; Total fan-out            ; 132              ;
; Average fan-out          ; 2.03             ;
+--------------------------+------------------+


+------------------------------------------------------------------------------------------------------------------------------------------------------------------------------------------------------------------------------------+
; Analysis & Synthesis Resource Utilization by Entity                                                                                                                                                                                ;
+-----------------------------------+-------------------+--------------+-------------+--------------+---------+-----------+-----------+------+--------------+---------------------------------------------------------+--------------+
; Compilation Hierarchy Node        ; LC Combinationals ; LC Registers ; Memory Bits ; DSP Elements ; DSP 9x9 ; DSP 18x18 ; DSP 36x36 ; Pins ; Virtual Pins ; Full Hierarchy Name                                     ; Library Name ;
+-----------------------------------+-------------------+--------------+-------------+--------------+---------+-----------+-----------+------+--------------+---------------------------------------------------------+--------------+
; |zeroAdoze                        ; 29 (0)            ; 4 (4)        ; 0           ; 0            ; 0       ; 0         ; 0         ; 16   ; 0            ; |zeroAdoze                                              ; work         ;
;    |MUXDOZE:mux|                  ; 10 (10)           ; 0 (0)        ; 0           ; 0            ; 0       ; 0         ; 0         ; 0    ; 0            ; |zeroAdoze|MUXDOZE:mux                                  ; work         ;
;    |counterFFD:counter|           ; 5 (0)             ; 0 (0)        ; 0           ; 0            ; 0       ; 0         ; 0         ; 0    ; 0            ; |zeroAdoze|counterFFD:counter                           ; work         ;
;       |unidadeContadora:UNIDADE1| ; 1 (1)             ; 0 (0)        ; 0           ; 0            ; 0       ; 0         ; 0         ; 0    ; 0            ; |zeroAdoze|counterFFD:counter|unidadeContadora:UNIDADE1 ; work         ;
;       |unidadeContadora:UNIDADE2| ; 1 (1)             ; 0 (0)        ; 0           ; 0            ; 0       ; 0         ; 0         ; 0    ; 0            ; |zeroAdoze|counterFFD:counter|unidadeContadora:UNIDADE2 ; work         ;
;       |unidadeContadora:UNIDADE3| ; 1 (1)             ; 0 (0)        ; 0           ; 0            ; 0       ; 0         ; 0         ; 0    ; 0            ; |zeroAdoze|counterFFD:counter|unidadeContadora:UNIDADE3 ; work         ;
;       |unidadeContadora:UNIDADE4| ; 2 (2)             ; 0 (0)        ; 0           ; 0            ; 0       ; 0         ; 0         ; 0    ; 0            ; |zeroAdoze|counterFFD:counter|unidadeContadora:UNIDADE4 ; work         ;
;    |resetador:reseter|            ; 1 (1)             ; 0 (0)        ; 0           ; 0            ; 0       ; 0         ; 0         ; 0    ; 0            ; |zeroAdoze|resetador:reseter                            ; work         ;
;    |sete_segmentos:display1|      ; 1 (0)             ; 0 (0)        ; 0           ; 0            ; 0       ; 0         ; 0         ; 0    ; 0            ; |zeroAdoze|sete_segmentos:display1                      ; work         ;
;       |and_2:C33|                 ; 1 (1)             ; 0 (0)        ; 0           ; 0            ; 0       ; 0         ; 0         ; 0    ; 0            ; |zeroAdoze|sete_segmentos:display1|and_2:C33            ; work         ;
;    |sete_segmentos:display2|      ; 12 (0)            ; 0 (0)        ; 0           ; 0            ; 0       ; 0         ; 0         ; 0    ; 0            ; |zeroAdoze|sete_segmentos:display2                      ; work         ;
;       |and_2:C28|                 ; 2 (2)             ; 0 (0)        ; 0           ; 0            ; 0       ; 0         ; 0         ; 0    ; 0            ; |zeroAdoze|sete_segmentos:display2|and_2:C28            ; work         ;
;       |and_2:C29|                 ; 1 (1)             ; 0 (0)        ; 0           ; 0            ; 0       ; 0         ; 0         ; 0    ; 0            ; |zeroAdoze|sete_segmentos:display2|and_2:C29            ; work         ;
;       |and_2:C30|                 ; 1 (1)             ; 0 (0)        ; 0           ; 0            ; 0       ; 0         ; 0         ; 0    ; 0            ; |zeroAdoze|sete_segmentos:display2|and_2:C30            ; work         ;
;       |and_2:C31|                 ; 4 (4)             ; 0 (0)        ; 0           ; 0            ; 0       ; 0         ; 0         ; 0    ; 0            ; |zeroAdoze|sete_segmentos:display2|and_2:C31            ; work         ;
;       |and_2:C32|                 ; 1 (1)             ; 0 (0)        ; 0           ; 0            ; 0       ; 0         ; 0         ; 0    ; 0            ; |zeroAdoze|sete_segmentos:display2|and_2:C32            ; work         ;
;       |and_2:C33|                 ; 1 (1)             ; 0 (0)        ; 0           ; 0            ; 0       ; 0         ; 0         ; 0    ; 0            ; |zeroAdoze|sete_segmentos:display2|and_2:C33            ; work         ;
;       |and_2:C34|                 ; 2 (2)             ; 0 (0)        ; 0           ; 0            ; 0       ; 0         ; 0         ; 0    ; 0            ; |zeroAdoze|sete_segmentos:display2|and_2:C34            ; work         ;
+-----------------------------------+-------------------+--------------+-------------+--------------+---------+-----------+-----------+------+--------------+---------------------------------------------------------+--------------+
Note: For table entries with two numbers listed, the numbers in parentheses indicate the number of resources of the given type used by the specific entity alone. The numbers listed outside of parentheses indicate the total resources of the given type used by the specific entity and all of its sub-entities in the hierarchy.


+---------------------------------------------------------------------------------------------------+
; User-Specified and Inferred Latches                                                               ;
+----------------------------------------------------+---------------------+------------------------+
; Latch Name                                         ; Latch Enable Signal ; Free of Timing Hazards ;
+----------------------------------------------------+---------------------+------------------------+
; MUXDOZE:mux|wxyz1[0]                               ; MUXDOZE:mux|Mux6    ; yes                    ;
; MUXDOZE:mux|wxyz2[3]                               ; MUXDOZE:mux|Mux6    ; yes                    ;
; MUXDOZE:mux|wxyz2[0]                               ; MUXDOZE:mux|Mux6    ; yes                    ;
; MUXDOZE:mux|wxyz2[1]                               ; MUXDOZE:mux|Mux6    ; yes                    ;
; MUXDOZE:mux|wxyz2[2]                               ; MUXDOZE:mux|Mux6    ; yes                    ;
; Number of user-specified and inferred latches = 5  ;                     ;                        ;
+----------------------------------------------------+---------------------+------------------------+
Note: All latches listed above may not be present at the end of synthesis due to various synthesis optimizations.


+------------------------------------------------------+
; General Register Statistics                          ;
+----------------------------------------------+-------+
; Statistic                                    ; Value ;
+----------------------------------------------+-------+
; Total registers                              ; 4     ;
; Number of registers using Synchronous Clear  ; 0     ;
; Number of registers using Synchronous Load   ; 0     ;
; Number of registers using Asynchronous Clear ; 4     ;
; Number of registers using Asynchronous Load  ; 0     ;
; Number of registers using Clock Enable       ; 0     ;
; Number of registers using Preset             ; 0     ;
+----------------------------------------------+-------+


+------------------------------------------------------------------------------------------------------------------+
; Port Connectivity Checks: "sete_segmentos:display1|not_1:C1"                                                     ;
+--------+--------+----------+-------------------------------------------------------------------------------------+
; Port   ; Type   ; Severity ; Details                                                                             ;
+--------+--------+----------+-------------------------------------------------------------------------------------+
; output ; Output ; Info     ; Connected to dangling logic. Logic that only feeds a dangling port will be removed. ;
+--------+--------+----------+-------------------------------------------------------------------------------------+


+--------------------------------------------------------------------------------------------------------------------------+
; Port Connectivity Checks: "resetador:reseter"                                                                            ;
+-----------------+-------+----------+-------------------------------------------------------------------------------------+
; Port            ; Type  ; Severity ; Details                                                                             ;
+-----------------+-------+----------+-------------------------------------------------------------------------------------+
; value_set[3..2] ; Input ; Info     ; Stuck at VCC                                                                        ;
; value_set[1]    ; Input ; Info     ; Stuck at GND                                                                        ;
; value_set[0]    ; Input ; Info     ; Stuck at VCC                                                                        ;
; cout            ; Bidir ; Warning  ; Connected to dangling logic. Logic that only feeds a dangling port will be removed. ;
+-----------------+-------+----------+-------------------------------------------------------------------------------------+


+---------------------------------------------------------------------------------------------------------------+
; Port Connectivity Checks: "counterFFD:counter|unidadeContadora:UNIDADE4"                                      ;
+------+-------+----------+-------------------------------------------------------------------------------------+
; Port ; Type  ; Severity ; Details                                                                             ;
+------+-------+----------+-------------------------------------------------------------------------------------+
; qn   ; Bidir ; Warning  ; Connected to dangling logic. Logic that only feeds a dangling port will be removed. ;
+------+-------+----------+-------------------------------------------------------------------------------------+


+---------------------------------------------------------------------------------------------------------------+
; Port Connectivity Checks: "counterFFD:counter|unidadeContadora:UNIDADE3"                                      ;
+------+-------+----------+-------------------------------------------------------------------------------------+
; Port ; Type  ; Severity ; Details                                                                             ;
+------+-------+----------+-------------------------------------------------------------------------------------+
; qn   ; Bidir ; Warning  ; Connected to dangling logic. Logic that only feeds a dangling port will be removed. ;
+------+-------+----------+-------------------------------------------------------------------------------------+


+---------------------------------------------------------------------------------------------------------------+
; Port Connectivity Checks: "counterFFD:counter|unidadeContadora:UNIDADE2"                                      ;
+------+-------+----------+-------------------------------------------------------------------------------------+
; Port ; Type  ; Severity ; Details                                                                             ;
+------+-------+----------+-------------------------------------------------------------------------------------+
; qn   ; Bidir ; Warning  ; Connected to dangling logic. Logic that only feeds a dangling port will be removed. ;
+------+-------+----------+-------------------------------------------------------------------------------------+


+---------------------------------------------------------------------------------------------------------------+
; Port Connectivity Checks: "counterFFD:counter|unidadeContadora:UNIDADE1"                                      ;
+------+-------+----------+-------------------------------------------------------------------------------------+
; Port ; Type  ; Severity ; Details                                                                             ;
+------+-------+----------+-------------------------------------------------------------------------------------+
; qn   ; Bidir ; Warning  ; Connected to dangling logic. Logic that only feeds a dangling port will be removed. ;
+------+-------+----------+-------------------------------------------------------------------------------------+


+----------------------------------------------------------------------------------------------------------------+
; Port Connectivity Checks: "counterFFD:counter"                                                                 ;
+------+--------+----------+-------------------------------------------------------------------------------------+
; Port ; Type   ; Severity ; Details                                                                             ;
+------+--------+----------+-------------------------------------------------------------------------------------+
; cout ; Output ; Info     ; Connected to dangling logic. Logic that only feeds a dangling port will be removed. ;
+------+--------+----------+-------------------------------------------------------------------------------------+


+-----------------------------------------------------+
; Post-Synthesis Netlist Statistics for Top Partition ;
+-----------------------+-----------------------------+
; Type                  ; Count                       ;
+-----------------------+-----------------------------+
; boundary_port         ; 16                          ;
; cycloneiii_ff         ; 4                           ;
;     CLR               ; 4                           ;
; cycloneiii_lcell_comb ; 30                          ;
;     normal            ; 30                          ;
;         0 data inputs ; 1                           ;
;         2 data inputs ; 7                           ;
;         3 data inputs ; 11                          ;
;         4 data inputs ; 11                          ;
;                       ;                             ;
; Max LUT depth         ; 2.00                        ;
; Average LUT depth     ; 1.71                        ;
+-----------------------+-----------------------------+


+-------------------------------+
; Elapsed Time Per Partition    ;
+----------------+--------------+
; Partition Name ; Elapsed Time ;
+----------------+--------------+
; Top            ; 00:00:00     ;
+----------------+--------------+


+-------------------------------+
; Analysis & Synthesis Messages ;
+-------------------------------+
Info: *******************************************************************
Info: Running Quartus II 64-Bit Analysis & Synthesis
    Info: Version 14.1.0 Build 186 12/03/2014 SJ Web Edition
    Info: Processing started: Wed May 24 09:07:38 2017
Info: Command: quartus_map --read_settings_files=on --write_settings_files=off zeroAdoze -c zeroAdoze
Warning (20028): Parallel compilation is not licensed and has been disabled
Info (12021): Found 2 design units, including 1 entities, in source file resetador.vhd
    Info (12022): Found design unit 1: resetador-structural
    Info (12023): Found entity 1: resetador
Info (12021): Found 2 design units, including 1 entities, in source file unidadecontadora.vhd
    Info (12022): Found design unit 1: unidadeContadora-structural
    Info (12023): Found entity 1: unidadeContadora
Info (12021): Found 2 design units, including 1 entities, in source file sete_segmentos.vhd
    Info (12022): Found design unit 1: sete_segmentos-structural
    Info (12023): Found entity 1: sete_segmentos
Info (12021): Found 2 design units, including 1 entities, in source file or_5.vhd
    Info (12022): Found design unit 1: or_5-data_flow
    Info (12023): Found entity 1: or_5
Info (12021): Found 2 design units, including 1 entities, in source file or_4.vhd
    Info (12022): Found design unit 1: or_4-data_flow
    Info (12023): Found entity 1: or_4
Info (12021): Found 2 design units, including 1 entities, in source file or_3.vhd
    Info (12022): Found design unit 1: or_3-data_flow
    Info (12023): Found entity 1: or_3
Info (12021): Found 2 design units, including 1 entities, in source file or_2.vhd
    Info (12022): Found design unit 1: or_2-data_flow
    Info (12023): Found entity 1: or_2
Info (12021): Found 2 design units, including 1 entities, in source file not_1.vhd
    Info (12022): Found design unit 1: not_1-data_flow
    Info (12023): Found entity 1: not_1
Info (12021): Found 2 design units, including 1 entities, in source file flipflopd.vhd
    Info (12022): Found design unit 1: FlipFlopD-structural
    Info (12023): Found entity 1: FlipFlopD
Info (12021): Found 2 design units, including 1 entities, in source file counterffd.vhd
    Info (12022): Found design unit 1: counterFFD-structural
    Info (12023): Found entity 1: counterFFD
Info (12021): Found 2 design units, including 1 entities, in source file and_3.vhd
    Info (12022): Found design unit 1: and_3-data_flow
    Info (12023): Found entity 1: and_3
Info (12021): Found 2 design units, including 1 entities, in source file and_2.vhd
    Info (12022): Found design unit 1: and_2-data_flow
    Info (12023): Found entity 1: and_2
Info (12021): Found 2 design units, including 1 entities, in source file zeroadoze.vhd
    Info (12022): Found design unit 1: zeroAdoze-structural
    Info (12023): Found entity 1: zeroAdoze
Info (12021): Found 2 design units, including 1 entities, in source file muxdoze.vhd
    Info (12022): Found design unit 1: MUXDOZE-structural
    Info (12023): Found entity 1: MUXDOZE
Info (12127): Elaborating entity "zeroAdoze" for the top level hierarchy
Info (12129): Elaborating entity "counterFFD" using architecture "A:structural" for hierarchy "counterFFD:counter"
Info (12129): Elaborating entity "unidadeContadora" using architecture "A:structural" for hierarchy "counterFFD:counter|unidadeContadora:UNIDADE1"
Info (12129): Elaborating entity "FlipFlopD" using architecture "A:structural" for hierarchy "counterFFD:counter|unidadeContadora:UNIDADE1|FlipFlopD:FFD1"
Info (12129): Elaborating entity "resetador" using architecture "A:structural" for hierarchy "resetador:reseter"
Warning (10492): VHDL Process Statement warning at resetador.vhd(12): signal "Value_set" is read inside the Process Statement but isn't in the Process Statement's sensitivity list
Info (12129): Elaborating entity "MUXDOZE" using architecture "A:structural" for hierarchy "MUXDOZE:mux"
Warning (10631): VHDL Process Statement warning at MUXDOZE.vhd(11): inferring latch(es) for signal or variable "wxyz1", which holds its previous value in one or more paths through the process
Warning (10631): VHDL Process Statement warning at MUXDOZE.vhd(11): inferring latch(es) for signal or variable "wxyz2", which holds its previous value in one or more paths through the process
Info (10041): Inferred latch for "wxyz2[0]" at MUXDOZE.vhd(11)
Info (10041): Inferred latch for "wxyz2[1]" at MUXDOZE.vhd(11)
Info (10041): Inferred latch for "wxyz2[2]" at MUXDOZE.vhd(11)
Info (10041): Inferred latch for "wxyz2[3]" at MUXDOZE.vhd(11)
Info (10041): Inferred latch for "wxyz1[0]" at MUXDOZE.vhd(11)
Info (10041): Inferred latch for "wxyz1[1]" at MUXDOZE.vhd(11)
Info (10041): Inferred latch for "wxyz1[2]" at MUXDOZE.vhd(11)
Info (10041): Inferred latch for "wxyz1[3]" at MUXDOZE.vhd(11)
Info (12129): Elaborating entity "sete_segmentos" using architecture "A:structural" for hierarchy "sete_segmentos:display1"
Warning (10036): Verilog HDL or VHDL warning at sete_segmentos.vhd(28): object "nA" assigned a value but never read
Info (12129): Elaborating entity "not_1" using architecture "A:data_flow" for hierarchy "sete_segmentos:display1|not_1:C1"
Info (12129): Elaborating entity "and_2" using architecture "A:data_flow" for hierarchy "sete_segmentos:display1|and_2:C5"
Info (12129): Elaborating entity "and_3" using architecture "A:data_flow" for hierarchy "sete_segmentos:display1|and_3:C12"
Info (12129): Elaborating entity "or_4" using architecture "A:data_flow" for hierarchy "sete_segmentos:display1|or_4:C21"
Info (12129): Elaborating entity "or_3" using architecture "A:data_flow" for hierarchy "sete_segmentos:display1|or_3:C22"
Info (12129): Elaborating entity "or_5" using architecture "A:data_flow" for hierarchy "sete_segmentos:display1|or_5:C24"
Info (12129): Elaborating entity "or_2" using architecture "A:data_flow" for hierarchy "sete_segmentos:display1|or_2:C25"
Warning (12161): Node "resetador:reseter|Cout" is stuck at GND because node is in wire loop and does not have a source
Warning (12241): 5 hierarchies have connectivity warnings - see the Connectivity Checks report folder
Warning (13012): Latch MUXDOZE:mux|wxyz1[0] has unsafe behavior
    Warning (13013): Ports D and ENA on the latch are fed by the same signal abcd[3]
Warning (13012): Latch MUXDOZE:mux|wxyz2[3] has unsafe behavior
    Warning (13013): Ports D and ENA on the latch are fed by the same signal abcd[1]
Warning (13012): Latch MUXDOZE:mux|wxyz2[0] has unsafe behavior
    Warning (13013): Ports D and ENA on the latch are fed by the same signal abcd[0]
Warning (13012): Latch MUXDOZE:mux|wxyz2[1] has unsafe behavior
    Warning (13013): Ports D and ENA on the latch are fed by the same signal abcd[1]
Warning (13012): Latch MUXDOZE:mux|wxyz2[2] has unsafe behavior
    Warning (13013): Ports D and ENA on the latch are fed by the same signal abcd[2]
Warning (13024): Output pins are stuck at VCC or GND
    Warning (13410): Pin "abcdefgFor1[0]" is stuck at GND
Info (286030): Timing-Driven Synthesis is running
Info (16010): Generating hard_block partition "hard_block:auto_generated_inst"
    Info (16011): Adding 0 node(s), including 0 DDIO, 0 PLL, 0 transceiver and 0 LCELL
Info (21057): Implemented 45 device resources after synthesis - the final resource count might be different
    Info (21058): Implemented 2 input pins
    Info (21059): Implemented 14 output pins
    Info (21061): Implemented 29 logic cells
Info: Quartus II 64-Bit Analysis & Synthesis was successful. 0 errors, 19 warnings
    Info: Peak virtual memory: 703 megabytes
    Info: Processing ended: Wed May 24 09:08:09 2017
    Info: Elapsed time: 00:00:31
    Info: Total CPU time (on all processors): 00:00:28


