Analysis & Synthesis report for sevensegmentwclockflipflop
Mon May 08 08:04:19 2017
Quartus II 64-Bit Version 14.1.0 Build 186 12/03/2014 SJ Web Edition


---------------------
; Table of Contents ;
---------------------
  1. Legal Notice
  2. Analysis & Synthesis Summary
  3. Analysis & Synthesis Settings
  4. Analysis & Synthesis Messages



----------------
; Legal Notice ;
----------------
Copyright (C) 1991-2014 Altera Corporation. All rights reserved.
Your use of Altera Corporation's design tools, logic functions 
and other software and tools, and its AMPP partner logic 
functions, and any output files from any of the foregoing 
(including device programming or simulation files), and any 
associated documentation or information are expressly subject 
to the terms and conditions of the Altera Program License 
Subscription Agreement, the Altera Quartus II License Agreement,
the Altera MegaCore Function License Agreement, or other 
applicable license agreement, including, without limitation, 
that your use is for the sole purpose of programming logic 
devices manufactured by Altera and sold by Altera or its 
authorized distributors.  Please refer to the applicable 
agreement for further details.



+---------------------------------------------------------------------------------+
; Analysis & Synthesis Summary                                                    ;
+------------------------------------+--------------------------------------------+
; Analysis & Synthesis Status        ; Failed - Mon May 08 08:04:19 2017          ;
; Quartus II 64-Bit Version          ; 14.1.0 Build 186 12/03/2014 SJ Web Edition ;
; Revision Name                      ; sevensegmentwclockflipflop                 ;
; Top-level Entity Name              ; sevensegmentwclockflipflop                 ;
; Family                             ; Cyclone IV GX                              ;
; Total logic elements               ; N/A until Partition Merge                  ;
;     Total combinational functions  ; N/A until Partition Merge                  ;
;     Dedicated logic registers      ; N/A until Partition Merge                  ;
; Total registers                    ; N/A until Partition Merge                  ;
; Total pins                         ; N/A until Partition Merge                  ;
; Total virtual pins                 ; N/A until Partition Merge                  ;
; Total memory bits                  ; N/A until Partition Merge                  ;
; Embedded Multiplier 9-bit elements ; N/A until Partition Merge                  ;
; Total GXB Receiver Channel PCS     ; N/A until Partition Merge                  ;
; Total GXB Receiver Channel PMA     ; N/A until Partition Merge                  ;
; Total GXB Transmitter Channel PCS  ; N/A until Partition Merge                  ;
; Total GXB Transmitter Channel PMA  ; N/A until Partition Merge                  ;
; Total PLLs                         ; N/A until Partition Merge                  ;
+------------------------------------+--------------------------------------------+


+--------------------------------------------------------------------------------------------------------------------------------------+
; Analysis & Synthesis Settings                                                                                                        ;
+----------------------------------------------------------------------------+----------------------------+----------------------------+
; Option                                                                     ; Setting                    ; Default Value              ;
+----------------------------------------------------------------------------+----------------------------+----------------------------+
; Top-level entity name                                                      ; sevensegmentwclockflipflop ; sevensegmentwclockflipflop ;
; Family name                                                                ; Cyclone IV GX              ; Cyclone IV GX              ;
; Use smart compilation                                                      ; Off                        ; Off                        ;
; Enable parallel Assembler and TimeQuest Timing Analyzer during compilation ; On                         ; On                         ;
; Enable compact report table                                                ; Off                        ; Off                        ;
; Restructure Multiplexers                                                   ; Auto                       ; Auto                       ;
; Create Debugging Nodes for IP Cores                                        ; Off                        ; Off                        ;
; Preserve fewer node names                                                  ; On                         ; On                         ;
; Disable OpenCore Plus hardware evaluation                                  ; Off                        ; Off                        ;
; Verilog Version                                                            ; Verilog_2001               ; Verilog_2001               ;
; VHDL Version                                                               ; VHDL_1993                  ; VHDL_1993                  ;
; State Machine Processing                                                   ; Auto                       ; Auto                       ;
; Safe State Machine                                                         ; Off                        ; Off                        ;
; Extract Verilog State Machines                                             ; On                         ; On                         ;
; Extract VHDL State Machines                                                ; On                         ; On                         ;
; Ignore Verilog initial constructs                                          ; Off                        ; Off                        ;
; Iteration limit for constant Verilog loops                                 ; 5000                       ; 5000                       ;
; Iteration limit for non-constant Verilog loops                             ; 250                        ; 250                        ;
; Add Pass-Through Logic to Inferred RAMs                                    ; On                         ; On                         ;
; Infer RAMs from Raw Logic                                                  ; On                         ; On                         ;
; Parallel Synthesis                                                         ; On                         ; On                         ;
; DSP Block Balancing                                                        ; Auto                       ; Auto                       ;
; NOT Gate Push-Back                                                         ; On                         ; On                         ;
; Power-Up Don't Care                                                        ; On                         ; On                         ;
; Remove Redundant Logic Cells                                               ; Off                        ; Off                        ;
; Remove Duplicate Registers                                                 ; On                         ; On                         ;
; Ignore CARRY Buffers                                                       ; Off                        ; Off                        ;
; Ignore CASCADE Buffers                                                     ; Off                        ; Off                        ;
; Ignore GLOBAL Buffers                                                      ; Off                        ; Off                        ;
; Ignore ROW GLOBAL Buffers                                                  ; Off                        ; Off                        ;
; Ignore LCELL Buffers                                                       ; Off                        ; Off                        ;
; Ignore SOFT Buffers                                                        ; On                         ; On                         ;
; Limit AHDL Integers to 32 Bits                                             ; Off                        ; Off                        ;
; Optimization Technique                                                     ; Balanced                   ; Balanced                   ;
; Carry Chain Length                                                         ; 70                         ; 70                         ;
; Auto Carry Chains                                                          ; On                         ; On                         ;
; Auto Open-Drain Pins                                                       ; On                         ; On                         ;
; Perform WYSIWYG Primitive Resynthesis                                      ; Off                        ; Off                        ;
; Auto ROM Replacement                                                       ; On                         ; On                         ;
; Auto RAM Replacement                                                       ; On                         ; On                         ;
; Auto DSP Block Replacement                                                 ; On                         ; On                         ;
; Auto Shift Register Replacement                                            ; Auto                       ; Auto                       ;
; Allow Shift Register Merging across Hierarchies                            ; Auto                       ; Auto                       ;
; Auto Clock Enable Replacement                                              ; On                         ; On                         ;
; Strict RAM Replacement                                                     ; Off                        ; Off                        ;
; Allow Synchronous Control Signals                                          ; On                         ; On                         ;
; Force Use of Synchronous Clear Signals                                     ; Off                        ; Off                        ;
; Auto RAM Block Balancing                                                   ; On                         ; On                         ;
; Auto RAM to Logic Cell Conversion                                          ; Off                        ; Off                        ;
; Auto Resource Sharing                                                      ; Off                        ; Off                        ;
; Allow Any RAM Size For Recognition                                         ; Off                        ; Off                        ;
; Allow Any ROM Size For Recognition                                         ; Off                        ; Off                        ;
; Allow Any Shift Register Size For Recognition                              ; Off                        ; Off                        ;
; Use LogicLock Constraints during Resource Balancing                        ; On                         ; On                         ;
; Ignore translate_off and synthesis_off directives                          ; Off                        ; Off                        ;
; Timing-Driven Synthesis                                                    ; On                         ; On                         ;
; Report Parameter Settings                                                  ; On                         ; On                         ;
; Report Source Assignments                                                  ; On                         ; On                         ;
; Report Connectivity Checks                                                 ; On                         ; On                         ;
; Ignore Maximum Fan-Out Assignments                                         ; Off                        ; Off                        ;
; Synchronization Register Chain Length                                      ; 2                          ; 2                          ;
; PowerPlay Power Optimization During Synthesis                              ; Normal compilation         ; Normal compilation         ;
; HDL message level                                                          ; Level2                     ; Level2                     ;
; Suppress Register Optimization Related Messages                            ; Off                        ; Off                        ;
; Number of Removed Registers Reported in Synthesis Report                   ; 5000                       ; 5000                       ;
; Number of Swept Nodes Reported in Synthesis Report                         ; 5000                       ; 5000                       ;
; Number of Inverted Registers Reported in Synthesis Report                  ; 100                        ; 100                        ;
; Clock MUX Protection                                                       ; On                         ; On                         ;
; Auto Gated Clock Conversion                                                ; Off                        ; Off                        ;
; Block Design Naming                                                        ; Auto                       ; Auto                       ;
; SDC constraint protection                                                  ; Off                        ; Off                        ;
; Synthesis Effort                                                           ; Auto                       ; Auto                       ;
; Shift Register Replacement - Allow Asynchronous Clear Signal               ; On                         ; On                         ;
; Pre-Mapping Resynthesis Optimization                                       ; Off                        ; Off                        ;
; Analysis & Synthesis Message Level                                         ; Medium                     ; Medium                     ;
; Disable Register Merging Across Hierarchies                                ; Auto                       ; Auto                       ;
; Resource Aware Inference For Block RAM                                     ; On                         ; On                         ;
; Synthesis Seed                                                             ; 1                          ; 1                          ;
+----------------------------------------------------------------------------+----------------------------+----------------------------+


+-------------------------------+
; Analysis & Synthesis Messages ;
+-------------------------------+
Info: *******************************************************************
Info: Running Quartus II 64-Bit Analysis & Synthesis
    Info: Version 14.1.0 Build 186 12/03/2014 SJ Web Edition
    Info: Processing started: Mon May 08 08:03:53 2017
Info: Command: quartus_map --read_settings_files=on --write_settings_files=off sevensegmentwclockflipflop -c sevensegmentwclockflipflop
Warning (20028): Parallel compilation is not licensed and has been disabled
Info (12021): Found 2 design units, including 1 entities, in source file sete_segmentos.vhd
    Info (12022): Found design unit 1: sete_segmentos-structural
    Info (12023): Found entity 1: sete_segmentos
Info (12021): Found 2 design units, including 1 entities, in source file or_5.vhd
    Info (12022): Found design unit 1: or_5-data_flow
    Info (12023): Found entity 1: or_5
Info (12021): Found 2 design units, including 1 entities, in source file or_4.vhd
    Info (12022): Found design unit 1: or_4-data_flow
    Info (12023): Found entity 1: or_4
Info (12021): Found 2 design units, including 1 entities, in source file or_3.vhd
    Info (12022): Found design unit 1: or_3-data_flow
    Info (12023): Found entity 1: or_3
Info (12021): Found 2 design units, including 1 entities, in source file or_2.vhd
    Info (12022): Found design unit 1: or_2-data_flow
    Info (12023): Found entity 1: or_2
Info (12021): Found 2 design units, including 1 entities, in source file not_1.vhd
    Info (12022): Found design unit 1: not_1-data_flow
    Info (12023): Found entity 1: not_1
Info (12021): Found 2 design units, including 1 entities, in source file and_3.vhd
    Info (12022): Found design unit 1: and_3-data_flow
    Info (12023): Found entity 1: and_3
Info (12021): Found 2 design units, including 1 entities, in source file and_2.vhd
    Info (12022): Found design unit 1: and_2-data_flow
    Info (12023): Found entity 1: and_2
Info (12021): Found 2 design units, including 1 entities, in source file flipflopd.vhd
    Info (12022): Found design unit 1: FlipFlopD-structural
    Info (12023): Found entity 1: FlipFlopD
Info (12021): Found 2 design units, including 1 entities, in source file counterffd.vhd
    Info (12022): Found design unit 1: counterFFD-structural
    Info (12023): Found entity 1: counterFFD
Critical Warning (12048): Ignored duplicate design unit "counterFFD-structural" in file counterFFD.vhd
Info (12021): Found 2 design units, including 1 entities, in source file zeroanove.vhd
    Info (12022): Found design unit 1: counterFFD-structural
    Info (12023): Found entity 1: zeroAnove
Error (10803): VHDL error at counterFFD.vhd(41): FlipFlopD is not a subprogram, a type, or an array object File: C:/Users/User/Desktop/Circuits/sevensegmentwclockflipflop/counterFFD.vhd Line: 41
Error: Quartus II 64-Bit Analysis & Synthesis was unsuccessful. 1 error, 2 warnings
    Error: Peak virtual memory: 694 megabytes
    Error: Processing ended: Mon May 08 08:04:19 2017
    Error: Elapsed time: 00:00:26
    Error: Total CPU time (on all processors): 00:00:25


