Flow report for 7segmentos
Thu Apr 20 08:37:59 2017
Quartus II 64-Bit Version 14.1.0 Build 186 12/03/2014 SJ Web Edition


---------------------
; Table of Contents ;
---------------------
  1. Legal Notice
  2. Flow Summary
  3. Flow Settings
  4. Flow Non-Default Global Settings
  5. Flow Elapsed Time
  6. Flow OS Summary
  7. Flow Log
  8. Flow Messages
  9. Flow Suppressed Messages



----------------
; Legal Notice ;
----------------
Copyright (C) 1991-2014 Altera Corporation. All rights reserved.
Your use of Altera Corporation's design tools, logic functions 
and other software and tools, and its AMPP partner logic 
functions, and any output files from any of the foregoing 
(including device programming or simulation files), and any 
associated documentation or information are expressly subject 
to the terms and conditions of the Altera Program License 
Subscription Agreement, the Altera Quartus II License Agreement,
the Altera MegaCore Function License Agreement, or other 
applicable license agreement, including, without limitation, 
that your use is for the sole purpose of programming logic 
devices manufactured by Altera and sold by Altera or its 
authorized distributors.  Please refer to the applicable 
agreement for further details.



+---------------------------------------------------------------------------------+
; Flow Summary                                                                    ;
+------------------------------------+--------------------------------------------+
; Flow Status                        ; Successful - Thu Apr 20 08:37:59 2017      ;
; Quartus II 64-Bit Version          ; 14.1.0 Build 186 12/03/2014 SJ Web Edition ;
; Revision Name                      ; 7segmentos                                 ;
; Top-level Entity Name              ; sete_segmentos                             ;
; Family                             ; Cyclone IV GX                              ;
; Total logic elements               ; 11 / 14,400 ( < 1 % )                      ;
;     Total combinational functions  ; 11 / 14,400 ( < 1 % )                      ;
;     Dedicated logic registers      ; 0 / 14,400 ( 0 % )                         ;
; Total registers                    ; 0                                          ;
; Total pins                         ; 12 / 81 ( 15 % )                           ;
; Total virtual pins                 ; 0                                          ;
; Total memory bits                  ; 0 / 552,960 ( 0 % )                        ;
; Embedded Multiplier 9-bit elements ; 0                                          ;
; Total GXB Receiver Channel PCS     ; 0 / 2 ( 0 % )                              ;
; Total GXB Receiver Channel PMA     ; 0 / 2 ( 0 % )                              ;
; Total GXB Transmitter Channel PCS  ; 0 / 2 ( 0 % )                              ;
; Total GXB Transmitter Channel PMA  ; 0 / 2 ( 0 % )                              ;
; Total PLLs                         ; 0 / 3 ( 0 % )                              ;
; Device                             ; EP4CGX15BF14C6                             ;
; Timing Models                      ; Final                                      ;
+------------------------------------+--------------------------------------------+


+-----------------------------------------+
; Flow Settings                           ;
+-------------------+---------------------+
; Option            ; Setting             ;
+-------------------+---------------------+
; Start date & time ; 04/20/2017 08:37:04 ;
; Main task         ; Compilation         ;
; Revision Name     ; 7segmentos          ;
+-------------------+---------------------+


+---------------------------------------------------------------------------------------------------------------------+
; Flow Non-Default Global Settings                                                                                    ;
+-------------------------------------+-----------------------------+---------------+----------------+----------------+
; Assignment Name                     ; Value                       ; Default Value ; Entity Name    ; Section Id     ;
+-------------------------------------+-----------------------------+---------------+----------------+----------------+
; COMPILER_SIGNATURE_ID               ; 52232140958.149268822403596 ; --            ; --             ; --             ;
; EDA_OUTPUT_DATA_FORMAT              ; Vhdl                        ; --            ; --             ; eda_simulation ;
; EDA_SIMULATION_TOOL                 ; ModelSim-Altera (VHDL)      ; <None>        ; --             ; --             ;
; PARTITION_COLOR                     ; 16764057                    ; --            ; sete_segmentos ; Top            ;
; PARTITION_FITTER_PRESERVATION_LEVEL ; PLACEMENT_AND_ROUTING       ; --            ; sete_segmentos ; Top            ;
; PARTITION_NETLIST_TYPE              ; SOURCE                      ; --            ; sete_segmentos ; Top            ;
; PROJECT_OUTPUT_DIRECTORY            ; output_files                ; --            ; --             ; --             ;
; TOP_LEVEL_ENTITY                    ; sete_segmentos              ; 7segmentos    ; --             ; --             ;
+-------------------------------------+-----------------------------+---------------+----------------+----------------+


+-------------------------------------------------------------------------------------------------------------------------------+
; Flow Elapsed Time                                                                                                             ;
+---------------------------+--------------+-------------------------+---------------------+------------------------------------+
; Module Name               ; Elapsed Time ; Average Processors Used ; Peak Virtual Memory ; Total CPU Time (on all processors) ;
+---------------------------+--------------+-------------------------+---------------------+------------------------------------+
; Analysis & Synthesis      ; 00:00:34     ; 1.0                     ; 706 MB              ; 00:00:29                           ;
; Fitter                    ; 00:00:07     ; 1.0                     ; 919 MB              ; 00:00:05                           ;
; Assembler                 ; 00:00:01     ; 1.0                     ; 605 MB              ; 00:00:01                           ;
; TimeQuest Timing Analyzer ; 00:00:03     ; 1.0                     ; 589 MB              ; 00:00:02                           ;
; EDA Netlist Writer        ; 00:00:01     ; 1.0                     ; 572 MB              ; 00:00:01                           ;
; Total                     ; 00:00:46     ; --                      ; --                  ; 00:00:38                           ;
+---------------------------+--------------+-------------------------+---------------------+------------------------------------+


+----------------------------------------------------------------------------------------+
; Flow OS Summary                                                                        ;
+---------------------------+------------------+-----------+------------+----------------+
; Module Name               ; Machine Hostname ; OS Name   ; OS Version ; Processor type ;
+---------------------------+------------------+-----------+------------+----------------+
; Analysis & Synthesis      ; WIN-MKE0A91S26G  ; Windows 7 ; 6.2        ; x86_64         ;
; Fitter                    ; WIN-MKE0A91S26G  ; Windows 7 ; 6.2        ; x86_64         ;
; Assembler                 ; WIN-MKE0A91S26G  ; Windows 7 ; 6.2        ; x86_64         ;
; TimeQuest Timing Analyzer ; WIN-MKE0A91S26G  ; Windows 7 ; 6.2        ; x86_64         ;
; EDA Netlist Writer        ; WIN-MKE0A91S26G  ; Windows 7 ; 6.2        ; x86_64         ;
+---------------------------+------------------+-----------+------------+----------------+


------------
; Flow Log ;
------------
quartus_map --read_settings_files=on --write_settings_files=off 7segmentos -c 7segmentos
quartus_fit --read_settings_files=off --write_settings_files=off 7segmentos -c 7segmentos
quartus_asm --read_settings_files=off --write_settings_files=off 7segmentos -c 7segmentos
quartus_sta 7segmentos -c 7segmentos
quartus_eda --read_settings_files=off --write_settings_files=off 7segmentos -c 7segmentos



